2024-12-27 23:38:37,598 INFO [launcher] -----------------------------------------------
2024-12-27 23:38:37,599 INFO [launcher] Start "cstrike.exe"
2024-12-27 23:38:37,599 INFO [launcher] Version: 2.3.2
2024-12-27 23:38:37,599 INFO [launcher] Finishing launcher update
2024-12-27 23:38:37,599 INFO [launcher] Finishing launcher update: nothing to do
2024-12-27 23:38:37,600 INFO [launcher] Branch: adrenalinmscom
2024-12-27 23:38:37,641 INFO [launcher] Run updater
2024-12-27 23:38:37,655 INFO [launcher] Restoring from backup
2024-12-27 23:38:37,655 INFO [launcher]   nothing to do
2024-12-27 23:38:37,655 INFO [launcher] Clearing backup folder
2024-12-27 23:38:37,656 INFO [launcher] Requesting file list from server
2024-12-27 23:38:37,871 INFO [launcher] Gathering files that need to be updated
2024-12-27 23:38:37,944 INFO [launcher]   files to update:
2024-12-27 23:38:37,944 INFO [launcher]   FileSystem_Proxy.dll
2024-12-27 23:38:37,944 INFO [launcher]   cstrike\resource\TrackerScheme.res
2024-12-27 23:38:37,944 INFO [launcher]   cstrike\gfx\shell\kb_act.lst
2024-12-27 23:38:37,944 INFO [launcher]   cstrike\cl_dlls\GameUI.dll
2024-12-27 23:38:37,944 INFO [launcher]   cstrike_new.exe
2024-12-27 23:38:37,944 INFO [launcher]   nitro_api2.dll
2024-12-27 23:38:37,944 INFO [launcher]   cstrike\cl_dlls\client_mini.dll
2024-12-27 23:38:37,944 INFO [launcher]   cstrike\gfx\shell\kb_def.lst
2024-12-27 23:38:37,944 INFO [launcher]   cstrike\resource\OptionsSubMultiplayer.res
2024-12-27 23:38:37,944 INFO [launcher]   cstrike\resource\OptionsSubMiscellaneous.res
2024-12-27 23:38:37,944 INFO [launcher]   cstrike\resource\OptionsSubVideo.res
2024-12-27 23:38:37,944 INFO [launcher]   cstrike\resource\VideoAvancedDialog.res
2024-12-27 23:38:37,944 INFO [launcher]   cstrike\resource\cstrike_english.txt
2024-12-27 23:38:37,944 INFO [launcher]   cstrike\resource\nextclient_english.txt
2024-12-27 23:38:37,944 INFO [launcher]   cstrike\resource\cstrike_russian.txt
2024-12-27 23:38:37,944 INFO [launcher]   cstrike\resource\cstrike_spanish.txt
2024-12-27 23:38:37,944 INFO [launcher]   cstrike\resource\cstrike_ukrainian.txt
2024-12-27 23:38:37,944 INFO [launcher]   cstrike\resource\nextclient_russian.txt
2024-12-27 23:38:37,944 INFO [launcher]   valve\resource\gameui_russian.txt
2024-12-27 23:38:37,944 INFO [launcher]   cstrike\resource\nextclient_ukrainian.txt
2024-12-27 23:38:37,944 INFO [launcher]   cstrike\resource\schemes\TrackerScheme_ClassicPlus.res
2024-12-27 23:38:37,944 INFO [launcher]   cstrike\resource\schemes\TrackerScheme_Source.res
2024-12-27 23:38:37,944 INFO [launcher]   next_engine_mini.dll
2024-12-27 23:38:37,944 INFO [launcher]   steam_api.dll
2024-12-27 23:38:37,944 INFO [launcher]   next_lib.dll
2024-12-27 23:38:37,944 INFO [launcher]   valve\resource\OptionsSubVideo.res
2024-12-27 23:38:37,944 INFO [launcher]   valve\resource\OptionsSubVoice.res
2024-12-27 23:38:37,944 INFO [launcher]   valve\resource\gameui_english.txt
2024-12-27 23:38:37,944 INFO [launcher]   valve\resource\gameui_spanish.txt
2024-12-27 23:38:37,944 INFO [launcher]   valve\resource\gameui_ukrainian.txt
2024-12-27 23:38:37,944 INFO [launcher]   valve\resource\valve_spanish.txt
2024-12-27 23:38:37,944 INFO [launcher]   valve\resource\valve_ukrainian.txt
2024-12-27 23:38:37,944 INFO [launcher] Creating a backup
2024-12-27 23:38:38,066 INFO [launcher] Opening files to install
2024-12-27 23:38:38,070 INFO [launcher] Downloading an update
2024-12-27 23:38:42,340 INFO [launcher] Installing an update
2024-12-27 23:38:42,350 INFO [launcher] Clearing backup folder
2024-12-27 23:38:42,395 INFO [launcher] Updater done: RunNewGame
2024-12-27 23:38:44,909 INFO [launcher] Exit
2024-12-27 23:38:44,954 INFO [launcher] -----------------------------------------------
2024-12-27 23:38:44,954 INFO [launcher] Start "cstrike_new.exe"
2024-12-27 23:38:44,954 INFO [launcher] Version: 2.3.5
2024-12-27 23:38:44,955 INFO [launcher] Finishing launcher update
2024-12-27 23:38:45,170 INFO [launcher] Finishing launcher update: done
2024-12-27 23:38:45,170 INFO [launcher] Branch: adrenalinmscom
2024-12-27 23:38:45,206 INFO [launcher] Run updater (only remote config)
2024-12-27 23:38:45,219 INFO [launcher] Requesting remote config from server
2024-12-27 23:38:45,464 INFO [launcher] Updater done: RunGame
2024-12-27 23:38:45,599 INFO [launcher] IEngineAPI::Run
2024-12-27 23:38:51,420 INFO [launcher] IEngineAPI::Run done
2024-12-27 23:38:54,396 INFO [launcher] Exit
2024-12-27 23:41:01,927 INFO [launcher] -----------------------------------------------
2024-12-27 23:41:01,928 INFO [launcher] Start "cstrike.exe"
2024-12-27 23:41:01,928 INFO [launcher] Version: 2.3.5
2024-12-27 23:41:01,929 INFO [launcher] Finishing launcher update
2024-12-27 23:41:01,929 INFO [launcher] Finishing launcher update: done
2024-12-27 23:41:01,930 INFO [launcher] Branch: adrenalinmscom
2024-12-27 23:41:01,953 INFO [launcher] Run updater
2024-12-27 23:41:01,954 INFO [launcher] Requesting remote config from server
2024-12-27 23:41:02,103 INFO [launcher] Restoring from backup
2024-12-27 23:41:02,103 INFO [launcher]   nothing to do
2024-12-27 23:41:02,103 INFO [launcher] Clearing backup folder
2024-12-27 23:41:02,103 INFO [launcher] Requesting file list from server
2024-12-27 23:41:02,233 INFO [launcher] Gathering files that need to be updated
2024-12-27 23:41:02,313 INFO [launcher]   nothing to update
2024-12-27 23:41:02,359 INFO [launcher] Updater done: RunGame
2024-12-27 23:41:02,416 INFO [launcher] IEngineAPI::Run
2024-12-27 23:46:11,537 INFO [launcher] IEngineAPI::Run done
2024-12-27 23:46:14,492 INFO [launcher] Exit
2024-12-31 10:50:45,575 INFO [launcher] -----------------------------------------------
2024-12-31 10:50:45,577 INFO [launcher] Start "cstrike.exe"
2024-12-31 10:50:45,577 INFO [launcher] Version: 2.3.5
2024-12-31 10:50:45,577 INFO [launcher] Finishing launcher update
2024-12-31 10:50:45,577 INFO [launcher] Finishing launcher update: nothing to do
2024-12-31 10:50:45,578 INFO [launcher] Branch: adrenalinmscom
2024-12-31 10:50:45,600 INFO [launcher] Run updater
2024-12-31 10:50:45,600 INFO [launcher] Requesting remote config from server
2024-12-31 10:50:45,776 INFO [launcher] Restoring from backup
2024-12-31 10:50:45,776 INFO [launcher]   nothing to do
2024-12-31 10:50:45,776 INFO [launcher] Clearing backup folder
2024-12-31 10:50:45,777 INFO [launcher] Requesting file list from server
2024-12-31 10:50:45,906 INFO [launcher] Gathering files that need to be updated
2024-12-31 10:50:46,023 INFO [launcher]   nothing to update
2024-12-31 10:50:46,072 INFO [launcher] Updater done: RunGame
2024-12-31 10:50:46,159 INFO [launcher] IEngineAPI::Run
2024-12-31 12:38:26,314 INFO [launcher] IEngineAPI::Run done
2024-12-31 12:38:28,912 INFO [launcher] Exit
2025-01-01 05:46:01,163 INFO [launcher] -----------------------------------------------
2025-01-01 05:46:01,164 INFO [launcher] Start "cstrike.exe"
2025-01-01 05:46:01,164 INFO [launcher] Version: 2.3.5
2025-01-01 05:46:01,164 INFO [launcher] Finishing launcher update
2025-01-01 05:46:01,165 INFO [launcher] Finishing launcher update: nothing to do
2025-01-01 05:46:01,165 INFO [launcher] Branch: adrenalinmscom
2025-01-01 05:46:01,190 INFO [launcher] Run updater
2025-01-01 05:46:01,191 INFO [launcher] Requesting remote config from server
2025-01-01 05:46:01,344 INFO [launcher] Restoring from backup
2025-01-01 05:46:01,344 INFO [launcher]   nothing to do
2025-01-01 05:46:01,344 INFO [launcher] Clearing backup folder
2025-01-01 05:46:01,344 INFO [launcher] Requesting file list from server
2025-01-01 05:46:01,444 INFO [launcher] Gathering files that need to be updated
2025-01-01 05:46:01,560 INFO [launcher]   nothing to update
2025-01-01 05:46:01,610 INFO [launcher] Updater done: RunGame
2025-01-01 05:46:01,710 INFO [launcher] IEngineAPI::Run
2025-01-01 05:46:10,675 INFO [launcher] IEngineAPI::Run done
2025-01-01 05:46:10,804 INFO [launcher] Run updater
2025-01-01 05:46:10,804 INFO [launcher] Requesting remote config from server
2025-01-01 05:46:10,905 INFO [launcher] Restoring from backup
2025-01-01 05:46:10,905 INFO [launcher]   nothing to do
2025-01-01 05:46:10,905 INFO [launcher] Clearing backup folder
2025-01-01 05:46:10,905 INFO [launcher] Requesting file list from server
2025-01-01 05:46:11,015 INFO [launcher] Gathering files that need to be updated
2025-01-01 05:46:11,089 INFO [launcher]   nothing to update
2025-01-01 05:46:11,139 INFO [launcher] Updater done: RunGame
2025-01-01 05:46:11,190 INFO [launcher] IEngineAPI::Run
2025-01-01 08:38:25,357 INFO [launcher] IEngineAPI::Run done
2025-01-01 08:38:28,201 INFO [launcher] Exit
2025-01-13 02:20:54,954 INFO [launcher] -----------------------------------------------
2025-01-13 02:20:54,956 INFO [launcher] Start "cstrike.exe"
2025-01-13 02:20:54,956 INFO [launcher] Version: 2.3.5
2025-01-13 02:20:54,956 INFO [launcher] Finishing launcher update
2025-01-13 02:20:54,956 INFO [launcher] Finishing launcher update: nothing to do
2025-01-13 02:20:54,958 INFO [launcher] Branch: adrenalinmscom
2025-01-13 02:20:54,982 INFO [launcher] Run updater
2025-01-13 02:20:54,982 INFO [launcher] Requesting remote config from server
2025-01-13 02:20:55,172 INFO [launcher] Restoring from backup
2025-01-13 02:20:55,172 INFO [launcher]   nothing to do
2025-01-13 02:20:55,172 INFO [launcher] Clearing backup folder
2025-01-13 02:20:55,172 INFO [launcher] Requesting file list from server
2025-01-13 02:20:55,275 INFO [launcher] Gathering files that need to be updated
2025-01-13 02:20:55,409 INFO [launcher]   nothing to update
2025-01-13 02:20:55,441 INFO [launcher] Updater done: RunGame
2025-01-13 02:20:55,544 INFO [launcher] IEngineAPI::Run
2025-01-13 02:35:51,393 INFO [launcher] IEngineAPI::Run done
2025-01-13 02:35:51,536 INFO [launcher] Run updater
2025-01-13 02:35:51,536 INFO [launcher] Requesting remote config from server
2025-01-13 02:35:51,633 INFO [launcher] Restoring from backup
2025-01-13 02:35:51,634 INFO [launcher]   nothing to do
2025-01-13 02:35:51,634 INFO [launcher] Clearing backup folder
2025-01-13 02:35:51,634 INFO [launcher] Requesting file list from server
2025-01-13 02:35:51,750 INFO [launcher] Gathering files that need to be updated
2025-01-13 02:35:51,824 INFO [launcher]   nothing to update
2025-01-13 02:35:51,859 INFO [launcher] Updater done: RunGame
2025-01-13 02:35:51,909 INFO [launcher] IEngineAPI::Run
2025-01-13 04:17:16,847 INFO [launcher] IEngineAPI::Run done
2025-01-13 04:17:18,909 INFO [launcher] Exit
2025-01-13 05:09:42,755 INFO [launcher] -----------------------------------------------
2025-01-13 05:09:42,756 INFO [launcher] Start "cstrike.exe"
2025-01-13 05:09:42,756 INFO [launcher] Version: 2.3.5
2025-01-13 05:09:42,756 INFO [launcher] Finishing launcher update
2025-01-13 05:09:42,756 INFO [launcher] Finishing launcher update: nothing to do
2025-01-13 05:09:42,758 INFO [launcher] Branch: adrenalinmscom
2025-01-13 05:09:42,776 INFO [launcher] Run updater
2025-01-13 05:09:42,790 INFO [launcher] Requesting remote config from server
2025-01-13 05:09:42,912 INFO [launcher] Restoring from backup
2025-01-13 05:09:42,913 INFO [launcher]   nothing to do
2025-01-13 05:09:42,913 INFO [launcher] Clearing backup folder
2025-01-13 05:09:42,913 INFO [launcher] Requesting file list from server
2025-01-13 05:09:43,022 INFO [launcher] Gathering files that need to be updated
2025-01-13 05:09:43,110 INFO [launcher]   nothing to update
2025-01-13 05:09:43,332 INFO [launcher] Updater done: RunGame
2025-01-13 05:09:43,405 INFO [launcher] IEngineAPI::Run
2025-01-13 07:40:46,130 INFO [launcher] IEngineAPI::Run done
2025-01-13 07:40:48,896 INFO [launcher] Exit
2025-01-13 07:44:01,580 INFO [launcher] -----------------------------------------------
2025-01-13 07:44:01,581 INFO [launcher] Start "cstrike.exe"
2025-01-13 07:44:01,581 INFO [launcher] Version: 2.3.5
2025-01-13 07:44:01,581 INFO [launcher] Finishing launcher update
2025-01-13 07:44:01,581 INFO [launcher] Finishing launcher update: nothing to do
2025-01-13 07:44:01,583 INFO [launcher] Branch: adrenalinmscom
2025-01-13 07:44:01,603 INFO [launcher] Run updater
2025-01-13 07:44:01,618 INFO [launcher] Requesting remote config from server
2025-01-13 07:44:01,734 INFO [launcher] Restoring from backup
2025-01-13 07:44:01,734 INFO [launcher]   nothing to do
2025-01-13 07:44:01,734 INFO [launcher] Clearing backup folder
2025-01-13 07:44:01,734 INFO [launcher] Requesting file list from server
2025-01-13 07:44:01,858 INFO [launcher] Gathering files that need to be updated
2025-01-13 07:44:01,943 INFO [launcher]   nothing to update
2025-01-13 07:44:01,983 INFO [launcher] Updater done: RunGame
2025-01-13 07:44:02,043 INFO [launcher] IEngineAPI::Run
2025-01-13 10:21:49,375 INFO [launcher] IEngineAPI::Run done
2025-01-13 10:21:52,260 INFO [launcher] Exit
2025-01-15 04:18:59,729 INFO [launcher] -----------------------------------------------
2025-01-15 04:18:59,730 INFO [launcher] Start "cstrike.exe"
2025-01-15 04:18:59,731 INFO [launcher] Version: 2.3.5
2025-01-15 04:18:59,731 INFO [launcher] Finishing launcher update
2025-01-15 04:18:59,731 INFO [launcher] Finishing launcher update: nothing to do
2025-01-15 04:18:59,732 INFO [launcher] Branch: adrenalinmscom
2025-01-15 04:18:59,755 INFO [launcher] Run updater
2025-01-15 04:18:59,756 INFO [launcher] Requesting remote config from server
2025-01-15 04:18:59,906 INFO [launcher] Restoring from backup
2025-01-15 04:18:59,906 INFO [launcher]   nothing to do
2025-01-15 04:18:59,906 INFO [launcher] Clearing backup folder
2025-01-15 04:18:59,906 INFO [launcher] Requesting file list from server
2025-01-15 04:19:00,010 INFO [launcher] Gathering files that need to be updated
2025-01-15 04:19:00,142 INFO [launcher]   nothing to update
2025-01-15 04:19:00,170 INFO [launcher] Updater done: RunGame
2025-01-15 04:19:00,293 INFO [launcher] IEngineAPI::Run
